source='olsr6d.c' object='olsr6d.o' libtool=no  depfile='.deps/olsr6d.Po' tmpdepfile='.deps/olsr6d.TPo'  depmode=gcc3 /bin/sh ../depcomp  gcc -DHAVE_CONFIG_H -DSYSCONFDIR=\"/usr/local/etc/\" -I. -I. -I.. -I.. -I.. -I../lib     -g -O2 -Wall -c `test -f 'olsr6d.c' || echo './'`olsr6d.c
olsr6d.c: In function `olsr_init_list':
olsr6d.c:485: warning: implicit declaration of function `olsr_internet_gateway_set_create'
source='olsr_neighbor.c' object='olsr_neighbor.o' libtool=no  depfile='.deps/olsr_neighbor.Po' tmpdepfile='.deps/olsr_neighbor.TPo'  depmode=gcc3 /bin/sh ../depcomp  gcc -DHAVE_CONFIG_H -DSYSCONFDIR=\"/usr/local/etc/\" -I. -I. -I.. -I.. -I.. -I../lib     -g -O2 -Wall -c `test -f 'olsr_neighbor.c' || echo './'`olsr_neighbor.c
source='olsr_host_network_association.c' object='olsr_host_network_association.o' libtool=no  depfile='.deps/olsr_host_network_association.Po' tmpdepfile='.deps/olsr_host_network_association.TPo'  depmode=gcc3 /bin/sh ../depcomp  gcc -DHAVE_CONFIG_H -DSYSCONFDIR=\"/usr/local/etc/\" -I. -I. -I.. -I.. -I.. -I../lib     -g -O2 -Wall -c `test -f 'olsr_host_network_association.c' || echo './'`olsr_host_network_association.c
source='olsr_global_connectivity.c' object='olsr_global_connectivity.o' libtool=no  depfile='.deps/olsr_global_connectivity.Po' tmpdepfile='.deps/olsr_global_connectivity.TPo'  depmode=gcc3 /bin/sh ../depcomp  gcc -DHAVE_CONFIG_H -DSYSCONFDIR=\"/usr/local/etc/\" -I. -I. -I.. -I.. -I.. -I../lib     -g -O2 -Wall -c `test -f 'olsr_global_connectivity.c' || echo './'`olsr_global_connectivity.c
source='olsr_interface.c' object='olsr_interface.o' libtool=no  depfile='.deps/olsr_interface.Po' tmpdepfile='.deps/olsr_interface.TPo'  depmode=gcc3 /bin/sh ../depcomp  gcc -DHAVE_CONFIG_H -DSYSCONFDIR=\"/usr/local/etc/\" -I. -I. -I.. -I.. -I.. -I../lib     -g -O2 -Wall -c `test -f 'olsr_interface.c' || echo './'`olsr_interface.c
source='olsr_interface_association.c' object='olsr_interface_association.o' libtool=no  depfile='.deps/olsr_interface_association.Po' tmpdepfile='.deps/olsr_interface_association.TPo'  depmode=gcc3 /bin/sh ../depcomp  gcc -DHAVE_CONFIG_H -DSYSCONFDIR=\"/usr/local/etc/\" -I. -I. -I.. -I.. -I.. -I../lib     -g -O2 -Wall -c `test -f 'olsr_interface_association.c' || echo './'`olsr_interface_association.c
source='olsr_packet.c' object='olsr_packet.o' libtool=no  depfile='.deps/olsr_packet.Po' tmpdepfile='.deps/olsr_packet.TPo'  depmode=gcc3 /bin/sh ../depcomp  gcc -DHAVE_CONFIG_H -DSYSCONFDIR=\"/usr/local/etc/\" -I. -I. -I.. -I.. -I.. -I../lib     -g -O2 -Wall -c `test -f 'olsr_packet.c' || echo './'`olsr_packet.c
source='olsr_link.c' object='olsr_link.o' libtool=no  depfile='.deps/olsr_link.Po' tmpdepfile='.deps/olsr_link.TPo'  depmode=gcc3 /bin/sh ../depcomp  gcc -DHAVE_CONFIG_H -DSYSCONFDIR=\"/usr/local/etc/\" -I. -I. -I.. -I.. -I.. -I../lib     -g -O2 -Wall -c `test -f 'olsr_link.c' || echo './'`olsr_link.c
source='olsr_route.c' object='olsr_route.o' libtool=no  depfile='.deps/olsr_route.Po' tmpdepfile='.deps/olsr_route.TPo'  depmode=gcc3 /bin/sh ../depcomp  gcc -DHAVE_CONFIG_H -DSYSCONFDIR=\"/usr/local/etc/\" -I. -I. -I.. -I.. -I.. -I../lib     -g -O2 -Wall -c `test -f 'olsr_route.c' || echo './'`olsr_route.c
source='olsr_topology_control.c' object='olsr_topology_control.o' libtool=no  depfile='.deps/olsr_topology_control.Po' tmpdepfile='.deps/olsr_topology_control.TPo'  depmode=gcc3 /bin/sh ../depcomp  gcc -DHAVE_CONFIG_H -DSYSCONFDIR=\"/usr/local/etc/\" -I. -I. -I.. -I.. -I.. -I../lib     -g -O2 -Wall -c `test -f 'olsr_topology_control.c' || echo './'`olsr_topology_control.c
source='olsr_mpr.c' object='olsr_mpr.o' libtool=no  depfile='.deps/olsr_mpr.Po' tmpdepfile='.deps/olsr_mpr.TPo'  depmode=gcc3 /bin/sh ../depcomp  gcc -DHAVE_CONFIG_H -DSYSCONFDIR=\"/usr/local/etc/\" -I. -I. -I.. -I.. -I.. -I../lib     -g -O2 -Wall -c `test -f 'olsr_mpr.c' || echo './'`olsr_mpr.c
source='olsr_zebra.c' object='olsr_zebra.o' libtool=no  depfile='.deps/olsr_zebra.Po' tmpdepfile='.deps/olsr_zebra.TPo'  depmode=gcc3 /bin/sh ../depcomp  gcc -DHAVE_CONFIG_H -DSYSCONFDIR=\"/usr/local/etc/\" -I. -I. -I.. -I.. -I.. -I../lib     -g -O2 -Wall -c `test -f 'olsr_zebra.c' || echo './'`olsr_zebra.c
rm -f libolsr6.a
ar cru libolsr6.a olsr6d.o olsr_neighbor.o  olsr_host_network_association.o  olsr_global_connectivity.o  olsr_interface.o olsr_interface_association.o  olsr_packet.o olsr_link.o olsr_route.o  olsr_topology_control.o olsr_mpr.o  olsr_zebra.o 
ranlib libolsr6.a
source='olsr_main.c' object='olsr_main.o' libtool=no  depfile='.deps/olsr_main.Po' tmpdepfile='.deps/olsr_main.TPo'  depmode=gcc3 /bin/sh ../depcomp  gcc -DHAVE_CONFIG_H -DSYSCONFDIR=\"/usr/local/etc/\" -I. -I. -I.. -I.. -I.. -I../lib     -g -O2 -Wall -c `test -f 'olsr_main.c' || echo './'`olsr_main.c
olsr_main.c: In function `olsr_expire_check':
olsr_main.c:85: warning: implicit declaration of function `olsr_global_prefix_expire_check'
gcc  -g -O2 -Wall   -o olsr6d  olsr_main.o olsr6d.o olsr_neighbor.o  olsr_host_network_association.o  olsr_global_connectivity.o  olsr_interface.o olsr_interface_association.o  olsr_packet.o olsr_link.o olsr_route.o  olsr_topology_control.o olsr_mpr.o  olsr_zebra.o ../lib/libzebra.a -lm -lresolv -lcrypt
